# JRE version: Java(TM) SE Runtime Environment (21.0.6+8) (build 21.0.6+8-LTS-188)
# Java VM: Java HotSpot(TM) 64-Bit Server VM (21.0.6+8-LTS-188, mixed mode, sharing, tiered, compressed oops, compressed class ptrs, g1 gc, windows-amd64)
GC Precious Log:
 CardTable entry size: 512
 Card Set container configuration: InlinePtr #cards 4 size 8 Array Of Cards #cards 16 size 48 Howl #buckets 8 coarsen threshold 3686 Howl Bitmap #cards 512 size 80 coarsen threshold 460 Card regions per heap region 1 cards per card region 4096
 CPUs: 12 total, 12 available
 Memory: 16163M
 Large Page Support: Disabled
 NUMA Support: Disabled
 Compressed Oops: Enabled (Zero based)
 Heap Region Size: 2M
 Heap Min Capacity: 8M
 Heap Initial Capacity: 254M
 Heap Max Capacity: 4042M
 Pre-touch: Disabled
 Parallel Workers: 10
 Concurrent Workers: 3
 Concurrent Refinement Workers: 10
 Periodic GC: Disabled
Heap:
 garbage-first heap   total 229376K, used 115838K [0x0000000703600000, 0x0000000800000000)
  region size 2048K, 3 young (6144K), 3 survivors (6144K)
 Metaspace       used 45054K, committed 45632K, reserved 1114112K
  class space    used 4988K, committed 5248K, reserved 1048576K
GC Heap History (20 events):
Event: 9.545 GC heap after
{Heap after GC invocations=13 (full 0):
 garbage-first heap   total 104448K, used 39031K [0x0000000703600000, 0x0000000800000000)
  region size 2048K, 4 young (8192K), 4 survivors (8192K)
 Metaspace       used 28379K, committed 28928K, reserved 1114112K
  class space    used 3074K, committed 3328K, reserved 1048576K
}
Event: 9.660 GC heap before
{Heap before GC invocations=13 (full 0):
 garbage-first heap   total 104448K, used 86135K [0x0000000703600000, 0x0000000800000000)
  region size 2048K, 27 young (55296K), 4 survivors (8192K)
 Metaspace       used 29143K, committed 29696K, reserved 1114112K
  class space    used 3152K, committed 3392K, reserved 1048576K
}
Event: 9.674 GC heap after
{Heap after GC invocations=14 (full 0):
 garbage-first heap   total 104448K, used 36525K [0x0000000703600000, 0x0000000800000000)
  region size 2048K, 2 young (4096K), 2 survivors (4096K)
 Metaspace       used 29143K, committed 29696K, reserved 1114112K
  class space    used 3152K, committed 3392K, reserved 1048576K
}
Event: 9.793 GC heap before
{Heap before GC invocations=14 (full 0):
 garbage-first heap   total 104448K, used 87725K [0x0000000703600000, 0x0000000800000000)
  region size 2048K, 28 young (57344K), 2 survivors (4096K)
 Metaspace       used 30456K, committed 30976K, reserved 1114112K
  class space    used 3275K, committed 3520K, reserved 1048576K
}
Event: 9.803 GC heap after
{Heap after GC invocations=15 (full 0):
 garbage-first heap   total 147456K, used 38308K [0x0000000703600000, 0x0000000800000000)
  region size 2048K, 3 young (6144K), 3 survivors (6144K)
 Metaspace       used 30456K, committed 30976K, reserved 1114112K
  class space    used 3275K, committed 3520K, reserved 1048576K
}
Event: 10.117 GC heap before
{Heap before GC invocations=15 (full 0):
 garbage-first heap   total 147456K, used 118180K [0x0000000703600000, 0x0000000800000000)
  region size 2048K, 43 young (88064K), 3 survivors (6144K)
 Metaspace       used 31898K, committed 32384K, reserved 1114112K
  class space    used 3476K, committed 3712K, reserved 1048576K
}
Event: 10.123 GC heap after
{Heap after GC invocations=16 (full 0):
 garbage-first heap   total 147456K, used 39191K [0x0000000703600000, 0x0000000800000000)
  region size 2048K, 4 young (8192K), 4 survivors (8192K)
 Metaspace       used 31898K, committed 32384K, reserved 1114112K
  class space    used 3476K, committed 3712K, reserved 1048576K
}
Event: 10.451 GC heap before
{Heap before GC invocations=16 (full 0):
 garbage-first heap   total 147456K, used 119063K [0x0000000703600000, 0x0000000800000000)
  region size 2048K, 43 young (88064K), 4 survivors (8192K)
 Metaspace       used 32004K, committed 32640K, reserved 1114112K
  class space    used 3485K, committed 3776K, reserved 1048576K
}
Event: 10.460 GC heap after
{Heap after GC invocations=17 (full 0):
 garbage-first heap   total 147456K, used 42148K [0x0000000703600000, 0x0000000800000000)
  region size 2048K, 5 young (10240K), 5 survivors (10240K)
 Metaspace       used 32004K, committed 32640K, reserved 1114112K
  class space    used 3485K, committed 3776K, reserved 1048576K
}
Event: 11.130 GC heap before
{Heap before GC invocations=17 (full 0):
 garbage-first heap   total 147456K, used 58532K [0x0000000703600000, 0x0000000800000000)
  region size 2048K, 14 young (28672K), 5 survivors (10240K)
 Metaspace       used 35443K, committed 35968K, reserved 1114112K
  class space    used 3891K, committed 4096K, reserved 1048576K
}
Event: 11.139 GC heap after
{Heap after GC invocations=18 (full 0):
 garbage-first heap   total 147456K, used 40845K [0x0000000703600000, 0x0000000800000000)
  region size 2048K, 4 young (8192K), 4 survivors (8192K)
 Metaspace       used 35443K, committed 35968K, reserved 1114112K
  class space    used 3891K, committed 4096K, reserved 1048576K
}
Event: 12.791 GC heap before
{Heap before GC invocations=19 (full 0):
 garbage-first heap   total 147456K, used 120717K [0x0000000703600000, 0x0000000800000000)
  region size 2048K, 43 young (88064K), 4 survivors (8192K)
 Metaspace       used 36207K, committed 36736K, reserved 1114112K
  class space    used 3960K, committed 4224K, reserved 1048576K
}
Event: 12.813 GC heap after
{Heap after GC invocations=20 (full 0):
 garbage-first heap   total 212992K, used 66971K [0x0000000703600000, 0x0000000800000000)
  region size 2048K, 6 young (12288K), 6 survivors (12288K)
 Metaspace       used 36207K, committed 36736K, reserved 1114112K
  class space    used 3960K, committed 4224K, reserved 1048576K
}
Event: 14.729 GC heap before
{Heap before GC invocations=20 (full 0):
 garbage-first heap   total 212992K, used 187803K [0x0000000703600000, 0x0000000800000000)
  region size 2048K, 59 young (120832K), 6 survivors (12288K)
 Metaspace       used 43940K, committed 44480K, reserved 1114112K
  class space    used 4861K, committed 5120K, reserved 1048576K
}
Event: 15.755 GC heap after
{Heap after GC invocations=21 (full 0):
 garbage-first heap   total 229376K, used 104447K [0x0000000703600000, 0x0000000800000000)
  region size 2048K, 8 young (16384K), 8 survivors (16384K)
 Metaspace       used 43940K, committed 44480K, reserved 1114112K
  class space    used 4861K, committed 5120K, reserved 1048576K
}
Event: 17.338 GC heap before
{Heap before GC invocations=21 (full 0):
 garbage-first heap   total 229376K, used 184319K [0x0000000703600000, 0x0000000800000000)
  region size 2048K, 47 young (96256K), 8 survivors (16384K)
 Metaspace       used 45038K, committed 45568K, reserved 1114112K
  class space    used 4987K, committed 5248K, reserved 1048576K
}
Event: 17.354 GC heap after
{Heap after GC invocations=22 (full 0):
 garbage-first heap   total 229376K, used 112110K [0x0000000703600000, 0x0000000800000000)
  region size 2048K, 6 young (12288K), 6 survivors (12288K)
 Metaspace       used 45038K, committed 45568K, reserved 1114112K
  class space    used 4987K, committed 5248K, reserved 1048576K
}
Event: 17.914 GC heap before
{Heap before GC invocations=22 (full 0):
 garbage-first heap   total 229376K, used 187886K [0x0000000703600000, 0x0000000800000000)
  region size 2048K, 43 young (88064K), 6 survivors (12288K)
 Metaspace       used 45050K, committed 45632K, reserved 1114112K
  class space    used 4987K, committed 5248K, reserved 1048576K
}
Event: 17.921 GC heap after
{Heap after GC invocations=23 (full 0):
 garbage-first heap   total 229376K, used 114338K [0x0000000703600000, 0x0000000800000000)
  region size 2048K, 2 young (4096K), 2 survivors (4096K)
 Metaspace       used 45050K, committed 45632K, reserved 1114112K
  class space    used 4987K, committed 5248K, reserved 1048576K
}
Event: 18.511 GC heap before
{Heap before GC invocations=23 (full 0):
 garbage-first heap   total 229376K, used 192162K [0x0000000703600000, 0x0000000800000000)
  region size 2048K, 40 young (81920K), 2 survivors (4096K)
 Metaspace       used 45054K, committed 45632K, reserved 1114112K
  class space    used 4988K, committed 5248K, reserved 1048576K
}

